[2025-06-16 08:21:11] default.INFO: Logged in admin from IP ::1 [] []
[2025-06-16 08:22:06] default.INFO: Logged in ggg from IP ::1 [] []
[2025-06-16 08:22:18] default.INFO: Logged in fff from IP ::1 [] []
[2025-06-16 08:22:26] default.INFO: Logged in admin from IP ::1 [] []
[2025-06-16 08:26:07] default.INFO: Login failed for ggg from IP ::1 [] []
[2025-06-16 08:26:19] default.INFO: Logged in admin from IP ::1 [] []
[2025-06-16 08:26:59] default.INFO: Logged in ggg from IP ::1 [] []
[2025-06-16 08:27:19] default.INFO: Logged in ggg from IP ::1 [] []
[2025-06-16 08:27:24] default.INFO: Logged in admin from IP ::1 [] []
[2025-06-16 08:27:38] default.INFO: Logged in ggg from IP ::1 [] []
[2025-06-16 08:27:43] default.INFO: Logged in ggg from IP ::1 [] []
[2025-06-16 08:27:45] default.INFO: Logged in ggg from IP ::1 [] []
[2025-06-16 08:27:48] default.INFO: Logged in admin from IP ::1 [] []
[2025-06-16 08:28:33] default.INFO: Logged in admin from IP ::1 [] []
[2025-06-16 08:28:37] default.INFO: Logged in ggg from IP ::1 [] []
[2025-06-16 08:29:22] default.INFO: Logged in admin from IP ::1 [] []
[2025-06-16 08:30:11] default.INFO: Logged in fff from IP ::1 [] []
[2025-06-16 08:30:44] default.INFO: Logged in ggg from IP ::1 [] []
[2025-06-16 08:31:01] default.INFO: Logged in admin from IP ::1 [] []
[2025-06-16 08:39:38] default.INFO: Logged in admin from IP ::1 [] []
[2025-06-16 08:43:48] default.INFO: Logged in admin from IP ::1 [] []
[2025-06-16 08:46:13] default.INFO: Logged in admin from IP ::1 [] []
[2025-06-16 08:48:04] default.INFO: Logged in admin from IP ::1 [] []
[2025-06-16 08:51:39] default.INFO: Logged in admin from IP ::1 [] []
[2025-06-16 08:51:45] default.INFO: Logged in admin from IP ::1 [] []
[2025-06-16 08:51:54] default.INFO: Logged in admin from IP ::1 [] []
[2025-06-16 08:59:15] default.INFO: Logged in admin from IP ::1 [] []
[2025-06-16 09:06:46] default.INFO: Logged in admin from IP ::1 [] []
[2025-06-16 09:07:53] default.INFO: Logged in admin from IP ::1 [] []
[2025-06-16 09:08:06] default.INFO: Logged in admin from IP ::1 [] []
[2025-06-17 01:11:20] default.INFO: Logged in admin from IP ::1 [] []
[2025-06-17 01:11:28] default.INFO: Login failed for ggg from IP ::1 [] []
[2025-06-17 01:11:35] default.INFO: Logged in admin from IP ::1 [] []
[2025-06-17 01:14:46] default.WARNING: E_WARNING: Constant APP_PUBLIC_DIR already defined {"code":2,"message":"Constant APP_PUBLIC_DIR already defined","file":"C:\\xampp\\htdocs\\file\\dist\\index.php","line":31} []
[2025-06-17 01:14:46] default.WARNING: E_WARNING: Constant APP_VERSION already defined {"code":2,"message":"Constant APP_VERSION already defined","file":"C:\\xampp\\htdocs\\file\\dist\\index.php","line":32} []
[2025-06-17 01:14:46] default.WARNING: E_WARNING: ini_set(): Session ini settings cannot be changed when a session is active {"code":2,"message":"ini_set(): Session ini settings cannot be changed when a session is active","file":"C:\\xampp\\htdocs\\file\\vendor\\symfony\\http-foundation\\Session\\Storage\\Handler\\NativeFileSessionHandler.php","line":52} []
[2025-06-17 01:14:46] default.WARNING: E_WARNING: ini_set(): Session ini settings cannot be changed when a session is active {"code":2,"message":"ini_set(): Session ini settings cannot be changed when a session is active","file":"C:\\xampp\\htdocs\\file\\vendor\\symfony\\http-foundation\\Session\\Storage\\Handler\\NativeFileSessionHandler.php","line":52} []
[2025-06-17 01:14:46] default.WARNING: E_WARNING: ini_set(): Session ini settings cannot be changed when a session is active {"code":2,"message":"ini_set(): Session ini settings cannot be changed when a session is active","file":"C:\\xampp\\htdocs\\file\\vendor\\symfony\\http-foundation\\Session\\Storage\\Handler\\NativeFileSessionHandler.php","line":53} []
[2025-06-17 01:14:46] default.WARNING: E_WARNING: ini_set(): Session ini settings cannot be changed when a session is active {"code":2,"message":"ini_set(): Session ini settings cannot be changed when a session is active","file":"C:\\xampp\\htdocs\\file\\vendor\\symfony\\http-foundation\\Session\\Storage\\Handler\\NativeFileSessionHandler.php","line":53} []
[2025-06-17 01:14:46] default.ALERT: Fatal Error (E_ERROR): Uncaught LogicException: Cannot change the name of an active session. in C:\xampp\htdocs\file\vendor\symfony\http-foundation\Session\Storage\Proxy\AbstractProxy.php:117 Stack trace: #0 C:\xampp\htdocs\file\vendor\symfony\http-foundation\Session\Storage\NativeSessionStorage.php(237): Symfony\Component\HttpFoundation\Session\Storage\Proxy\AbstractProxy->setName('filegator') #1 C:\xampp\htdocs\file\vendor\symfony\http-foundation\Session\Session.php(225): Symfony\Component\HttpFoundation\Session\Storage\NativeSessionStorage->setName('filegator') #2 C:\xampp\htdocs\file\backend\Services\Session\Adapters\SessionStorage.php(35): Symfony\Component\HttpFoundation\Session\Session->setName('filegator') #3 C:\xampp\htdocs\file\backend\App.php(33): Filegator\Services\Session\Adapters\SessionStorage->init(Array) #4 C:\xampp\htdocs\file\dist\index.php(43): Filegator\App->__construct(Object(Filegator\Config\Config), Object(Filegator\Kernel\Request), Object(Filegator\Kernel\Response), Object(Filegator\Kernel\StreamedResponse), Object(Filegator\Container\Container)) #5 C:\xampp\htdocs\file\index.php(7): require('C:\\xampp\\htdocs...') #6 {main}   thrown {"code":1,"message":"Uncaught LogicException: Cannot change the name of an active session. in C:\\xampp\\htdocs\\file\\vendor\\symfony\\http-foundation\\Session\\Storage\\Proxy\\AbstractProxy.php:117\nStack trace:\n#0 C:\\xampp\\htdocs\\file\\vendor\\symfony\\http-foundation\\Session\\Storage\\NativeSessionStorage.php(237): Symfony\\Component\\HttpFoundation\\Session\\Storage\\Proxy\\AbstractProxy->setName('filegator')\n#1 C:\\xampp\\htdocs\\file\\vendor\\symfony\\http-foundation\\Session\\Session.php(225): Symfony\\Component\\HttpFoundation\\Session\\Storage\\NativeSessionStorage->setName('filegator')\n#2 C:\\xampp\\htdocs\\file\\backend\\Services\\Session\\Adapters\\SessionStorage.php(35): Symfony\\Component\\HttpFoundation\\Session\\Session->setName('filegator')\n#3 C:\\xampp\\htdocs\\file\\backend\\App.php(33): Filegator\\Services\\Session\\Adapters\\SessionStorage->init(Array)\n#4 C:\\xampp\\htdocs\\file\\dist\\index.php(43): Filegator\\App->__construct(Object(Filegator\\Config\\Config), Object(Filegator\\Kernel\\Request), Object(Filegator\\Kernel\\Response), Object(Filegator\\Kernel\\StreamedResponse), Object(Filegator\\Container\\Container))\n#5 C:\\xampp\\htdocs\\file\\index.php(7): require('C:\\\\xampp\\\\htdocs...')\n#6 {main}\n  thrown","file":"C:\\xampp\\htdocs\\file\\vendor\\symfony\\http-foundation\\Session\\Storage\\Proxy\\AbstractProxy.php","line":117,"trace":null} []
[2025-06-17 01:14:46] default.ALERT: Fatal Error (E_ERROR): Uncaught LogicException: Cannot change the name of an active session. in C:\xampp\htdocs\file\vendor\symfony\http-foundation\Session\Storage\Proxy\AbstractProxy.php:117 Stack trace: #0 C:\xampp\htdocs\file\vendor\symfony\http-foundation\Session\Storage\NativeSessionStorage.php(237): Symfony\Component\HttpFoundation\Session\Storage\Proxy\AbstractProxy->setName('filegator') #1 C:\xampp\htdocs\file\vendor\symfony\http-foundation\Session\Session.php(225): Symfony\Component\HttpFoundation\Session\Storage\NativeSessionStorage->setName('filegator') #2 C:\xampp\htdocs\file\backend\Services\Session\Adapters\SessionStorage.php(35): Symfony\Component\HttpFoundation\Session\Session->setName('filegator') #3 C:\xampp\htdocs\file\backend\App.php(33): Filegator\Services\Session\Adapters\SessionStorage->init(Array) #4 C:\xampp\htdocs\file\dist\index.php(43): Filegator\App->__construct(Object(Filegator\Config\Config), Object(Filegator\Kernel\Request), Object(Filegator\Kernel\Response), Object(Filegator\Kernel\StreamedResponse), Object(Filegator\Container\Container)) #5 C:\xampp\htdocs\file\index.php(7): require('C:\\xampp\\htdocs...') #6 {main}   thrown {"code":1,"message":"Uncaught LogicException: Cannot change the name of an active session. in C:\\xampp\\htdocs\\file\\vendor\\symfony\\http-foundation\\Session\\Storage\\Proxy\\AbstractProxy.php:117\nStack trace:\n#0 C:\\xampp\\htdocs\\file\\vendor\\symfony\\http-foundation\\Session\\Storage\\NativeSessionStorage.php(237): Symfony\\Component\\HttpFoundation\\Session\\Storage\\Proxy\\AbstractProxy->setName('filegator')\n#1 C:\\xampp\\htdocs\\file\\vendor\\symfony\\http-foundation\\Session\\Session.php(225): Symfony\\Component\\HttpFoundation\\Session\\Storage\\NativeSessionStorage->setName('filegator')\n#2 C:\\xampp\\htdocs\\file\\backend\\Services\\Session\\Adapters\\SessionStorage.php(35): Symfony\\Component\\HttpFoundation\\Session\\Session->setName('filegator')\n#3 C:\\xampp\\htdocs\\file\\backend\\App.php(33): Filegator\\Services\\Session\\Adapters\\SessionStorage->init(Array)\n#4 C:\\xampp\\htdocs\\file\\dist\\index.php(43): Filegator\\App->__construct(Object(Filegator\\Config\\Config), Object(Filegator\\Kernel\\Request), Object(Filegator\\Kernel\\Response), Object(Filegator\\Kernel\\StreamedResponse), Object(Filegator\\Container\\Container))\n#5 C:\\xampp\\htdocs\\file\\index.php(7): require('C:\\\\xampp\\\\htdocs...')\n#6 {main}\n  thrown","file":"C:\\xampp\\htdocs\\file\\vendor\\symfony\\http-foundation\\Session\\Storage\\Proxy\\AbstractProxy.php","line":117,"trace":null} []
[2025-06-17 01:14:46] default.WARNING: E_WARNING: Constant APP_PUBLIC_DIR already defined {"code":2,"message":"Constant APP_PUBLIC_DIR already defined","file":"C:\\xampp\\htdocs\\file\\dist\\index.php","line":31} []
[2025-06-17 01:14:46] default.WARNING: E_WARNING: Constant APP_VERSION already defined {"code":2,"message":"Constant APP_VERSION already defined","file":"C:\\xampp\\htdocs\\file\\dist\\index.php","line":32} []
[2025-06-17 01:14:46] default.WARNING: E_WARNING: ini_set(): Session ini settings cannot be changed when a session is active {"code":2,"message":"ini_set(): Session ini settings cannot be changed when a session is active","file":"C:\\xampp\\htdocs\\file\\vendor\\symfony\\http-foundation\\Session\\Storage\\Handler\\NativeFileSessionHandler.php","line":52} []
[2025-06-17 01:14:46] default.WARNING: E_WARNING: ini_set(): Session ini settings cannot be changed when a session is active {"code":2,"message":"ini_set(): Session ini settings cannot be changed when a session is active","file":"C:\\xampp\\htdocs\\file\\vendor\\symfony\\http-foundation\\Session\\Storage\\Handler\\NativeFileSessionHandler.php","line":52} []
[2025-06-17 01:14:46] default.WARNING: E_WARNING: ini_set(): Session ini settings cannot be changed when a session is active {"code":2,"message":"ini_set(): Session ini settings cannot be changed when a session is active","file":"C:\\xampp\\htdocs\\file\\vendor\\symfony\\http-foundation\\Session\\Storage\\Handler\\NativeFileSessionHandler.php","line":53} []
[2025-06-17 01:14:46] default.WARNING: E_WARNING: ini_set(): Session ini settings cannot be changed when a session is active {"code":2,"message":"ini_set(): Session ini settings cannot be changed when a session is active","file":"C:\\xampp\\htdocs\\file\\vendor\\symfony\\http-foundation\\Session\\Storage\\Handler\\NativeFileSessionHandler.php","line":53} []
[2025-06-17 01:14:46] default.ALERT: Fatal Error (E_ERROR): Uncaught LogicException: Cannot change the name of an active session. in C:\xampp\htdocs\file\vendor\symfony\http-foundation\Session\Storage\Proxy\AbstractProxy.php:117 Stack trace: #0 C:\xampp\htdocs\file\vendor\symfony\http-foundation\Session\Storage\NativeSessionStorage.php(237): Symfony\Component\HttpFoundation\Session\Storage\Proxy\AbstractProxy->setName('filegator') #1 C:\xampp\htdocs\file\vendor\symfony\http-foundation\Session\Session.php(225): Symfony\Component\HttpFoundation\Session\Storage\NativeSessionStorage->setName('filegator') #2 C:\xampp\htdocs\file\backend\Services\Session\Adapters\SessionStorage.php(35): Symfony\Component\HttpFoundation\Session\Session->setName('filegator') #3 C:\xampp\htdocs\file\backend\App.php(33): Filegator\Services\Session\Adapters\SessionStorage->init(Array) #4 C:\xampp\htdocs\file\dist\index.php(43): Filegator\App->__construct(Object(Filegator\Config\Config), Object(Filegator\Kernel\Request), Object(Filegator\Kernel\Response), Object(Filegator\Kernel\StreamedResponse), Object(Filegator\Container\Container)) #5 C:\xampp\htdocs\file\index.php(7): require('C:\\xampp\\htdocs...') #6 {main}   thrown {"code":1,"message":"Uncaught LogicException: Cannot change the name of an active session. in C:\\xampp\\htdocs\\file\\vendor\\symfony\\http-foundation\\Session\\Storage\\Proxy\\AbstractProxy.php:117\nStack trace:\n#0 C:\\xampp\\htdocs\\file\\vendor\\symfony\\http-foundation\\Session\\Storage\\NativeSessionStorage.php(237): Symfony\\Component\\HttpFoundation\\Session\\Storage\\Proxy\\AbstractProxy->setName('filegator')\n#1 C:\\xampp\\htdocs\\file\\vendor\\symfony\\http-foundation\\Session\\Session.php(225): Symfony\\Component\\HttpFoundation\\Session\\Storage\\NativeSessionStorage->setName('filegator')\n#2 C:\\xampp\\htdocs\\file\\backend\\Services\\Session\\Adapters\\SessionStorage.php(35): Symfony\\Component\\HttpFoundation\\Session\\Session->setName('filegator')\n#3 C:\\xampp\\htdocs\\file\\backend\\App.php(33): Filegator\\Services\\Session\\Adapters\\SessionStorage->init(Array)\n#4 C:\\xampp\\htdocs\\file\\dist\\index.php(43): Filegator\\App->__construct(Object(Filegator\\Config\\Config), Object(Filegator\\Kernel\\Request), Object(Filegator\\Kernel\\Response), Object(Filegator\\Kernel\\StreamedResponse), Object(Filegator\\Container\\Container))\n#5 C:\\xampp\\htdocs\\file\\index.php(7): require('C:\\\\xampp\\\\htdocs...')\n#6 {main}\n  thrown","file":"C:\\xampp\\htdocs\\file\\vendor\\symfony\\http-foundation\\Session\\Storage\\Proxy\\AbstractProxy.php","line":117,"trace":null} []
[2025-06-17 01:14:46] default.ALERT: Fatal Error (E_ERROR): Uncaught LogicException: Cannot change the name of an active session. in C:\xampp\htdocs\file\vendor\symfony\http-foundation\Session\Storage\Proxy\AbstractProxy.php:117 Stack trace: #0 C:\xampp\htdocs\file\vendor\symfony\http-foundation\Session\Storage\NativeSessionStorage.php(237): Symfony\Component\HttpFoundation\Session\Storage\Proxy\AbstractProxy->setName('filegator') #1 C:\xampp\htdocs\file\vendor\symfony\http-foundation\Session\Session.php(225): Symfony\Component\HttpFoundation\Session\Storage\NativeSessionStorage->setName('filegator') #2 C:\xampp\htdocs\file\backend\Services\Session\Adapters\SessionStorage.php(35): Symfony\Component\HttpFoundation\Session\Session->setName('filegator') #3 C:\xampp\htdocs\file\backend\App.php(33): Filegator\Services\Session\Adapters\SessionStorage->init(Array) #4 C:\xampp\htdocs\file\dist\index.php(43): Filegator\App->__construct(Object(Filegator\Config\Config), Object(Filegator\Kernel\Request), Object(Filegator\Kernel\Response), Object(Filegator\Kernel\StreamedResponse), Object(Filegator\Container\Container)) #5 C:\xampp\htdocs\file\index.php(7): require('C:\\xampp\\htdocs...') #6 {main}   thrown {"code":1,"message":"Uncaught LogicException: Cannot change the name of an active session. in C:\\xampp\\htdocs\\file\\vendor\\symfony\\http-foundation\\Session\\Storage\\Proxy\\AbstractProxy.php:117\nStack trace:\n#0 C:\\xampp\\htdocs\\file\\vendor\\symfony\\http-foundation\\Session\\Storage\\NativeSessionStorage.php(237): Symfony\\Component\\HttpFoundation\\Session\\Storage\\Proxy\\AbstractProxy->setName('filegator')\n#1 C:\\xampp\\htdocs\\file\\vendor\\symfony\\http-foundation\\Session\\Session.php(225): Symfony\\Component\\HttpFoundation\\Session\\Storage\\NativeSessionStorage->setName('filegator')\n#2 C:\\xampp\\htdocs\\file\\backend\\Services\\Session\\Adapters\\SessionStorage.php(35): Symfony\\Component\\HttpFoundation\\Session\\Session->setName('filegator')\n#3 C:\\xampp\\htdocs\\file\\backend\\App.php(33): Filegator\\Services\\Session\\Adapters\\SessionStorage->init(Array)\n#4 C:\\xampp\\htdocs\\file\\dist\\index.php(43): Filegator\\App->__construct(Object(Filegator\\Config\\Config), Object(Filegator\\Kernel\\Request), Object(Filegator\\Kernel\\Response), Object(Filegator\\Kernel\\StreamedResponse), Object(Filegator\\Container\\Container))\n#5 C:\\xampp\\htdocs\\file\\index.php(7): require('C:\\\\xampp\\\\htdocs...')\n#6 {main}\n  thrown","file":"C:\\xampp\\htdocs\\file\\vendor\\symfony\\http-foundation\\Session\\Storage\\Proxy\\AbstractProxy.php","line":117,"trace":null} []
[2025-06-17 01:14:46] default.WARNING: E_WARNING: Constant APP_PUBLIC_DIR already defined {"code":2,"message":"Constant APP_PUBLIC_DIR already defined","file":"C:\\xampp\\htdocs\\file\\dist\\index.php","line":31} []
[2025-06-17 01:14:46] default.WARNING: E_WARNING: Constant APP_VERSION already defined {"code":2,"message":"Constant APP_VERSION already defined","file":"C:\\xampp\\htdocs\\file\\dist\\index.php","line":32} []
[2025-06-17 01:14:46] default.WARNING: E_WARNING: ini_set(): Session ini settings cannot be changed when a session is active {"code":2,"message":"ini_set(): Session ini settings cannot be changed when a session is active","file":"C:\\xampp\\htdocs\\file\\vendor\\symfony\\http-foundation\\Session\\Storage\\Handler\\NativeFileSessionHandler.php","line":52} []
[2025-06-17 01:14:46] default.WARNING: E_WARNING: ini_set(): Session ini settings cannot be changed when a session is active {"code":2,"message":"ini_set(): Session ini settings cannot be changed when a session is active","file":"C:\\xampp\\htdocs\\file\\vendor\\symfony\\http-foundation\\Session\\Storage\\Handler\\NativeFileSessionHandler.php","line":52} []
[2025-06-17 01:14:46] default.WARNING: E_WARNING: ini_set(): Session ini settings cannot be changed when a session is active {"code":2,"message":"ini_set(): Session ini settings cannot be changed when a session is active","file":"C:\\xampp\\htdocs\\file\\vendor\\symfony\\http-foundation\\Session\\Storage\\Handler\\NativeFileSessionHandler.php","line":53} []
[2025-06-17 01:14:46] default.WARNING: E_WARNING: ini_set(): Session ini settings cannot be changed when a session is active {"code":2,"message":"ini_set(): Session ini settings cannot be changed when a session is active","file":"C:\\xampp\\htdocs\\file\\vendor\\symfony\\http-foundation\\Session\\Storage\\Handler\\NativeFileSessionHandler.php","line":53} []
[2025-06-17 01:14:46] default.ALERT: Fatal Error (E_ERROR): Uncaught LogicException: Cannot change the name of an active session. in C:\xampp\htdocs\file\vendor\symfony\http-foundation\Session\Storage\Proxy\AbstractProxy.php:117 Stack trace: #0 C:\xampp\htdocs\file\vendor\symfony\http-foundation\Session\Storage\NativeSessionStorage.php(237): Symfony\Component\HttpFoundation\Session\Storage\Proxy\AbstractProxy->setName('filegator') #1 C:\xampp\htdocs\file\vendor\symfony\http-foundation\Session\Session.php(225): Symfony\Component\HttpFoundation\Session\Storage\NativeSessionStorage->setName('filegator') #2 C:\xampp\htdocs\file\backend\Services\Session\Adapters\SessionStorage.php(35): Symfony\Component\HttpFoundation\Session\Session->setName('filegator') #3 C:\xampp\htdocs\file\backend\App.php(33): Filegator\Services\Session\Adapters\SessionStorage->init(Array) #4 C:\xampp\htdocs\file\dist\index.php(43): Filegator\App->__construct(Object(Filegator\Config\Config), Object(Filegator\Kernel\Request), Object(Filegator\Kernel\Response), Object(Filegator\Kernel\StreamedResponse), Object(Filegator\Container\Container)) #5 C:\xampp\htdocs\file\index.php(7): require('C:\\xampp\\htdocs...') #6 {main}   thrown {"code":1,"message":"Uncaught LogicException: Cannot change the name of an active session. in C:\\xampp\\htdocs\\file\\vendor\\symfony\\http-foundation\\Session\\Storage\\Proxy\\AbstractProxy.php:117\nStack trace:\n#0 C:\\xampp\\htdocs\\file\\vendor\\symfony\\http-foundation\\Session\\Storage\\NativeSessionStorage.php(237): Symfony\\Component\\HttpFoundation\\Session\\Storage\\Proxy\\AbstractProxy->setName('filegator')\n#1 C:\\xampp\\htdocs\\file\\vendor\\symfony\\http-foundation\\Session\\Session.php(225): Symfony\\Component\\HttpFoundation\\Session\\Storage\\NativeSessionStorage->setName('filegator')\n#2 C:\\xampp\\htdocs\\file\\backend\\Services\\Session\\Adapters\\SessionStorage.php(35): Symfony\\Component\\HttpFoundation\\Session\\Session->setName('filegator')\n#3 C:\\xampp\\htdocs\\file\\backend\\App.php(33): Filegator\\Services\\Session\\Adapters\\SessionStorage->init(Array)\n#4 C:\\xampp\\htdocs\\file\\dist\\index.php(43): Filegator\\App->__construct(Object(Filegator\\Config\\Config), Object(Filegator\\Kernel\\Request), Object(Filegator\\Kernel\\Response), Object(Filegator\\Kernel\\StreamedResponse), Object(Filegator\\Container\\Container))\n#5 C:\\xampp\\htdocs\\file\\index.php(7): require('C:\\\\xampp\\\\htdocs...')\n#6 {main}\n  thrown","file":"C:\\xampp\\htdocs\\file\\vendor\\symfony\\http-foundation\\Session\\Storage\\Proxy\\AbstractProxy.php","line":117,"trace":null} []
[2025-06-17 01:14:46] default.ALERT: Fatal Error (E_ERROR): Uncaught LogicException: Cannot change the name of an active session. in C:\xampp\htdocs\file\vendor\symfony\http-foundation\Session\Storage\Proxy\AbstractProxy.php:117 Stack trace: #0 C:\xampp\htdocs\file\vendor\symfony\http-foundation\Session\Storage\NativeSessionStorage.php(237): Symfony\Component\HttpFoundation\Session\Storage\Proxy\AbstractProxy->setName('filegator') #1 C:\xampp\htdocs\file\vendor\symfony\http-foundation\Session\Session.php(225): Symfony\Component\HttpFoundation\Session\Storage\NativeSessionStorage->setName('filegator') #2 C:\xampp\htdocs\file\backend\Services\Session\Adapters\SessionStorage.php(35): Symfony\Component\HttpFoundation\Session\Session->setName('filegator') #3 C:\xampp\htdocs\file\backend\App.php(33): Filegator\Services\Session\Adapters\SessionStorage->init(Array) #4 C:\xampp\htdocs\file\dist\index.php(43): Filegator\App->__construct(Object(Filegator\Config\Config), Object(Filegator\Kernel\Request), Object(Filegator\Kernel\Response), Object(Filegator\Kernel\StreamedResponse), Object(Filegator\Container\Container)) #5 C:\xampp\htdocs\file\index.php(7): require('C:\\xampp\\htdocs...') #6 {main}   thrown {"code":1,"message":"Uncaught LogicException: Cannot change the name of an active session. in C:\\xampp\\htdocs\\file\\vendor\\symfony\\http-foundation\\Session\\Storage\\Proxy\\AbstractProxy.php:117\nStack trace:\n#0 C:\\xampp\\htdocs\\file\\vendor\\symfony\\http-foundation\\Session\\Storage\\NativeSessionStorage.php(237): Symfony\\Component\\HttpFoundation\\Session\\Storage\\Proxy\\AbstractProxy->setName('filegator')\n#1 C:\\xampp\\htdocs\\file\\vendor\\symfony\\http-foundation\\Session\\Session.php(225): Symfony\\Component\\HttpFoundation\\Session\\Storage\\NativeSessionStorage->setName('filegator')\n#2 C:\\xampp\\htdocs\\file\\backend\\Services\\Session\\Adapters\\SessionStorage.php(35): Symfony\\Component\\HttpFoundation\\Session\\Session->setName('filegator')\n#3 C:\\xampp\\htdocs\\file\\backend\\App.php(33): Filegator\\Services\\Session\\Adapters\\SessionStorage->init(Array)\n#4 C:\\xampp\\htdocs\\file\\dist\\index.php(43): Filegator\\App->__construct(Object(Filegator\\Config\\Config), Object(Filegator\\Kernel\\Request), Object(Filegator\\Kernel\\Response), Object(Filegator\\Kernel\\StreamedResponse), Object(Filegator\\Container\\Container))\n#5 C:\\xampp\\htdocs\\file\\index.php(7): require('C:\\\\xampp\\\\htdocs...')\n#6 {main}\n  thrown","file":"C:\\xampp\\htdocs\\file\\vendor\\symfony\\http-foundation\\Session\\Storage\\Proxy\\AbstractProxy.php","line":117,"trace":null} []
[2025-06-17 01:16:02] default.INFO: Logged in admin from IP ::1 [] []
[2025-06-17 01:17:47] default.INFO: Csrf token not valid [] []
[2025-06-17 01:17:47] default.INFO: Csrf token not valid [] []
[2025-06-17 01:23:51] default.WARNING: E_WARNING: require(C:\xampp\htdocs\file/dist/test.php): Failed to open stream: No such file or directory {"code":2,"message":"require(C:\\xampp\\htdocs\\file/dist/test.php): Failed to open stream: No such file or directory","file":"C:\\xampp\\htdocs\\file\\index.php","line":7} []
[2025-06-17 01:23:51] default.ALERT: Fatal Error (E_ERROR): Uncaught Error: Failed opening required 'C:\xampp\htdocs\file/dist/test.php' (include_path='C:\xampp\php\PEAR') in C:\xampp\htdocs\file\index.php:7 Stack trace: #0 {main}   thrown {"code":1,"message":"Uncaught Error: Failed opening required 'C:\\xampp\\htdocs\\file/dist/test.php' (include_path='C:\\xampp\\php\\PEAR') in C:\\xampp\\htdocs\\file\\index.php:7\nStack trace:\n#0 {main}\n  thrown","file":"C:\\xampp\\htdocs\\file\\index.php","line":7,"trace":null} []
[2025-06-17 01:23:51] default.WARNING: E_WARNING: require(C:\xampp\htdocs\file/dist/test.php): Failed to open stream: No such file or directory {"code":2,"message":"require(C:\\xampp\\htdocs\\file/dist/test.php): Failed to open stream: No such file or directory","file":"C:\\xampp\\htdocs\\file\\index.php","line":7} []
[2025-06-17 01:23:51] default.ALERT: Fatal Error (E_ERROR): Uncaught Error: Failed opening required 'C:\xampp\htdocs\file/dist/test.php' (include_path='C:\xampp\php\PEAR') in C:\xampp\htdocs\file\index.php:7 Stack trace: #0 {main}   thrown {"code":1,"message":"Uncaught Error: Failed opening required 'C:\\xampp\\htdocs\\file/dist/test.php' (include_path='C:\\xampp\\php\\PEAR') in C:\\xampp\\htdocs\\file\\index.php:7\nStack trace:\n#0 {main}\n  thrown","file":"C:\\xampp\\htdocs\\file\\index.php","line":7,"trace":null} []
[2025-06-17 01:23:51] default.WARNING: E_WARNING: require(C:\xampp\htdocs\file/dist/test.php): Failed to open stream: No such file or directory {"code":2,"message":"require(C:\\xampp\\htdocs\\file/dist/test.php): Failed to open stream: No such file or directory","file":"C:\\xampp\\htdocs\\file\\index.php","line":7} []
[2025-06-17 01:23:51] default.ALERT: Fatal Error (E_ERROR): Uncaught Error: Failed opening required 'C:\xampp\htdocs\file/dist/test.php' (include_path='C:\xampp\php\PEAR') in C:\xampp\htdocs\file\index.php:7 Stack trace: #0 {main}   thrown {"code":1,"message":"Uncaught Error: Failed opening required 'C:\\xampp\\htdocs\\file/dist/test.php' (include_path='C:\\xampp\\php\\PEAR') in C:\\xampp\\htdocs\\file\\index.php:7\nStack trace:\n#0 {main}\n  thrown","file":"C:\\xampp\\htdocs\\file\\index.php","line":7,"trace":null} []
[2025-06-17 01:43:45] default.INFO: Logged in admin from IP ::1 [] []
[2025-06-17 01:50:21] default.INFO: Logged in admin from IP ::1 [] []
[2025-06-17 01:51:41] default.INFO: Logged in admin from IP ::1 [] []
[2025-06-17 01:52:46] default.INFO: Logged in admin from IP ::1 [] []
[2025-06-17 01:52:58] default.INFO: Logged in admin from IP ::1 [] []
[2025-06-17 01:59:41] default.INFO: Logged in admin from IP ::1 [] []
[2025-06-17 02:00:14] default.INFO: Logged in admin from IP ::1 [] []
[2025-06-17 02:00:33] default.INFO: Logged in admin from IP ::1 [] []
[2025-06-17 02:04:02] default.INFO: Logged in admin from IP ::1 [] []
[2025-06-17 02:04:08] default.INFO: Logged in admin from IP ::1 [] []
[2025-06-17 02:05:12] default.INFO: Logged in admin from IP ::1 [] []
[2025-06-17 02:05:30] default.INFO: Logged in admin from IP ::1 [] []
[2025-06-17 02:06:54] default.INFO: Logged in admin from IP ::1 [] []
[2025-06-17 02:08:14] default.INFO: Login failed for ggg from IP ::1 [] []
[2025-06-17 02:08:21] default.INFO: Logged in admin from IP ::1 [] []
[2025-06-17 02:09:05] default.INFO: Logged in admin from IP ::1 [] []
[2025-06-17 02:10:10] default.INFO: Logged in admin from IP ::1 [] []
[2025-06-17 02:10:19] default.INFO: Logged in admin from IP ::1 [] []
[2025-06-17 02:11:41] default.INFO: Logged in admin from IP ::1 [] []
[2025-06-17 02:12:04] default.INFO: Logged in admin from IP ::1 [] []
[2025-06-17 02:12:57] default.INFO: Login failed for mee from IP ::1 [] []
[2025-06-17 02:13:00] default.INFO: Logged in mee from IP ::1 [] []
[2025-06-17 02:13:26] default.INFO: Logged in admin from IP ::1 [] []
[2025-06-17 02:14:26] default.INFO: Logged in admin from IP ::1 [] []
[2025-06-17 02:14:59] default.INFO: Logged in ອາເນີ from IP ::1 [] []
[2025-06-17 02:15:07] default.INFO: Logged in admin from IP ::1 [] []
[2025-06-17 02:16:07] default.INFO: Logged in admin from IP ::1 [] []
[2025-06-17 02:17:50] default.INFO: Logged in admin from IP ::1 [] []
[2025-06-17 02:17:54] default.INFO: Logged in admin from IP ::1 [] []
[2025-06-17 02:17:58] default.INFO: Logged in admin from IP ::1 [] []
[2025-06-17 02:18:33] default.INFO: Logged in admin from IP ::1 [] []
[2025-06-17 02:19:14] default.INFO: Logged in admin from IP ::1 [] []
[2025-06-17 02:20:29] default.INFO: Logged in lad from IP ::1 [] []
[2025-06-17 02:22:16] default.INFO: Login failed for ອາເນີ from IP ::1 [] []
[2025-06-17 02:22:25] default.INFO: Logged in admin from IP ::1 [] []
[2025-06-17 02:24:12] default.INFO: Logged in ອາເນີ from IP ::1 [] []
[2025-06-17 02:33:59] default.INFO: Logged in admin from IP ::1 [] []
[2025-06-17 02:34:14] default.INFO: Logged in admin from IP ::1 [] []
[2025-06-17 02:35:52] default.INFO: Logged in ອາເນີ from IP ::1 [] []
[2025-06-17 02:36:31] default.INFO: Logged in admin from IP ::1 [] []
[2025-06-17 02:37:30] default.INFO: Logged in user from IP ::1 [] []
[2025-06-17 02:51:18] default.INFO: Logged in admin from IP ::1 [] []
[2025-06-17 03:33:46] default.INFO: Login failed for ອາເນີ from IP ::1 [] []
[2025-06-17 03:33:49] default.INFO: Login failed for ອາເນີ from IP ::1 [] []
[2025-06-17 03:33:55] default.INFO: Logged in admin from IP ::1 [] []
[2025-06-17 03:34:22] default.INFO: Login failed for admin from IP ::1 [] []
[2025-06-17 03:34:30] default.INFO: Logged in user from IP ::1 [] []
[2025-06-17 03:36:24] default.INFO: Logged in admin from IP ::1 [] []
[2025-06-17 03:37:12] default.INFO: Logged in users from IP ::1 [] []
[2025-06-17 03:37:44] default.INFO: Logged in admin from IP ::1 [] []
[2025-06-17 03:38:27] default.INFO: Logged in users from IP ::1 [] []
[2025-06-17 03:41:31] default.INFO: Logged in users from IP ::1 [] []
[2025-06-17 03:41:43] default.INFO: Logged in admin from IP ::1 [] []
[2025-06-17 03:42:30] default.INFO: Logged in user from IP ::1 [] []
[2025-06-17 03:44:39] default.INFO: Logged in admin from IP ::1 [] []
[2025-06-17 03:45:24] default.INFO: Login failed for user from IP ::1 [] []
[2025-06-17 03:45:27] default.INFO: Logged in user from IP ::1 [] []
[2025-06-17 08:22:12] default.INFO: Logged in admin from IP ::1 [] []
[2025-06-18 08:05:28] default.INFO: Logged in admin from IP ::1 [] []
[2025-06-18 08:05:38] default.INFO: Logged in user from IP ::1 [] []
[2025-06-18 08:06:04] default.INFO: Logged in admin from IP ::1 [] []
[2025-06-18 08:08:46] default.INFO: Logged in user from IP ::1 [] []
[2025-06-18 08:09:11] default.INFO: Logged in admin from IP ::1 [] []
[2025-06-18 08:09:51] default.INFO: Logged in admin from IP ::1 [] []
[2025-06-18 08:10:04] default.INFO: Logged in user from IP ::1 [] []
[2025-06-18 08:10:16] default.INFO: Logged in lee from IP ::1 [] []
[2025-06-18 08:11:25] default.INFO: Logged in admin from IP ::1 [] []
[2025-06-18 08:11:50] default.INFO: Logged in lee from IP ::1 [] []
[2025-06-18 08:52:23] default.INFO: Logged in admin from IP ::1 [] []
[2025-06-19 03:06:35] default.INFO: Logged in admin from IP ::1 [] []
[2025-06-19 03:06:39] default.INFO: Logged in admin from IP ::1 [] []
[2025-06-19 03:06:53] default.INFO: Login failed for user from IP ::1 [] []
[2025-06-19 03:06:55] default.INFO: Logged in user from IP ::1 [] []
[2025-06-19 03:07:25] default.INFO: Logged in admin from IP ::1 [] []
